[Вт 18 дек 2018 12:06:25] [info] instantiating backup controller 4c16a1ef08687e6cdb2a9bee1d6e29d8
[Вт 18 дек 2018 12:06:25] [debug] setting controller status to 100
[Вт 18 дек 2018 12:06:25] [debug] loading controller plan
[Вт 18 дек 2018 12:06:25] [debug] setting controller status to 300
[Вт 18 дек 2018 12:06:25] [debug] applying plan defaults
[Вт 18 дек 2018 12:06:25] [debug] setting controller status to 400
[Вт 18 дек 2018 12:06:25] [debug] setting file inclusion to 0
[Вт 18 дек 2018 12:06:25] [info] checking plan security
[Вт 18 дек 2018 12:06:25] [debug] setting controller status to 500
[Вт 18 дек 2018 12:06:25] [info] checking plan security
[Вт 18 дек 2018 12:06:25] [info] checking plan security
[Вт 18 дек 2018 12:06:25] [info] checking plan security
[Вт 18 дек 2018 12:06:25] [debug] saving controller to db
[Вт 18 дек 2018 12:06:25] [debug] calculating controller checksum 2f22ca4a2c9eddcd593f888a25ec4639
[Вт 18 дек 2018 12:06:31] [debug] loading controller from db
[Вт 18 дек 2018 12:06:31] [info] checking plan security
[Вт 18 дек 2018 12:06:31] [info] checking plan security
[Вт 18 дек 2018 12:06:31] [info] checking plan security
[Вт 18 дек 2018 12:06:31] [debug] saving controller to db
[Вт 18 дек 2018 12:06:31] [debug] calculating controller checksum 2f22ca4a2c9eddcd593f888a25ec4639
[Вт 18 дек 2018 12:07:10] [debug] loading controller from db
[Вт 18 дек 2018 12:07:10] [info] checking plan security
[Вт 18 дек 2018 12:07:10] [info] checking plan security
[Вт 18 дек 2018 12:07:10] [info] checking plan security
[Вт 18 дек 2018 12:07:10] [debug] saving controller to db
[Вт 18 дек 2018 12:07:10] [debug] calculating controller checksum 45aa84e9f84455a5b9d46e13214aa7b7
[Вт 18 дек 2018 12:07:23] [debug] loading controller from db
[Вт 18 дек 2018 12:07:23] [info] checking plan security
[Вт 18 дек 2018 12:07:23] [info] checking plan security
[Вт 18 дек 2018 12:07:23] [debug] setting controller status to 700
[Вт 18 дек 2018 12:07:23] [debug] saving controller to db
[Вт 18 дек 2018 12:07:23] [debug] calculating controller checksum d32c450b1a628c536d6fd2d86cd04bb1
[Вт 18 дек 2018 12:07:23] [debug] loading controller from db
[Вт 18 дек 2018 12:07:23] [debug] setting controller status to 800
[Вт 18 дек 2018 12:07:24] [debug] section skipped by _included setting
[Вт 18 дек 2018 12:07:24] [debug] activity skipped by _included setting Объявления
[Вт 18 дек 2018 12:07:24] [debug] section skipped by _included setting 10-11кл
[Вт 18 дек 2018 12:07:24] [debug] activity skipped by _included setting Тест
[Вт 18 дек 2018 12:07:27] [debug] setting controller status to 1000
[Вт 18 дек 2018 12:07:27] [debug] saving controller to db
